{"C:\\Users\\Lambda\\Documents\\dev\\lambda\\labs\\trashpanda-be\\knexfile.js": {"path":"C:\\Users\\Lambda\\Documents\\dev\\lambda\\labs\\trashpanda-be\\knexfile.js","statementMap":{"0":{"start":{"line":3,"column":0},"end":{"line":55,"column":2}},"1":{"start":{"line":13,"column":8},"end":{"line":13,"column":51}},"2":{"start":{"line":32,"column":8},"end":{"line":32,"column":50}}},"fnMap":{"0":{"name":"(anonymous_0)","decl":{"start":{"line":12,"column":19},"end":{"line":12,"column":20}},"loc":{"start":{"line":12,"column":35},"end":{"line":14,"column":7}},"line":12},"1":{"name":"(anonymous_1)","decl":{"start":{"line":31,"column":19},"end":{"line":31,"column":20}},"loc":{"start":{"line":31,"column":32},"end":{"line":33,"column":7}},"line":31}},"branchMap":{},"s":{"0":0,"1":0,"2":0},"f":{"0":0,"1":0},"b":{}}
,"C:\\Users\\Lambda\\Documents\\dev\\lambda\\labs\\trashpanda-be\\database\\dbConfig.js": {"path":"C:\\Users\\Lambda\\Documents\\dev\\lambda\\labs\\trashpanda-be\\database\\dbConfig.js","statementMap":{"0":{"start":{"line":1,"column":13},"end":{"line":1,"column":28}},"1":{"start":{"line":2,"column":19},"end":{"line":2,"column":44}},"2":{"start":{"line":4,"column":15},"end":{"line":4,"column":76}},"3":{"start":{"line":6,"column":0},"end":{"line":6,"column":42}}},"fnMap":{},"branchMap":{"0":{"loc":{"start":{"line":4,"column":15},"end":{"line":4,"column":76}},"type":"binary-expr","locations":[{"start":{"line":4,"column":15},"end":{"line":4,"column":22}},{"start":{"line":4,"column":26},"end":{"line":4,"column":37}},{"start":{"line":4,"column":41},"end":{"line":4,"column":59}},{"start":{"line":4,"column":63},"end":{"line":4,"column":76}}],"line":4}},"s":{"0":0,"1":0,"2":0,"3":0},"f":{},"b":{"0":[0,0,0,0]}}
,"C:\\Users\\Lambda\\Documents\\dev\\lambda\\labs\\trashpanda-be\\database\\models\\materials-model.js": {"path":"C:\\Users\\Lambda\\Documents\\dev\\lambda\\labs\\trashpanda-be\\database\\models\\materials-model.js","statementMap":{"0":{"start":{"line":1,"column":11},"end":{"line":1,"column":33}},"1":{"start":{"line":3,"column":13},"end":{"line":9,"column":1}},"2":{"start":{"line":4,"column":2},"end":{"line":8,"column":5}},"3":{"start":{"line":5,"column":4},"end":{"line":7,"column":5}},"4":{"start":{"line":6,"column":6},"end":{"line":6,"column":44}},"5":{"start":{"line":11,"column":12},"end":{"line":19,"column":1}},"6":{"start":{"line":12,"column":2},"end":{"line":18,"column":6}},"7":{"start":{"line":15,"column":6},"end":{"line":17,"column":16}},"8":{"start":{"line":21,"column":0},"end":{"line":24,"column":2}}},"fnMap":{"0":{"name":"(anonymous_0)","decl":{"start":{"line":3,"column":13},"end":{"line":3,"column":14}},"loc":{"start":{"line":3,"column":41},"end":{"line":9,"column":1}},"line":3},"1":{"name":"(anonymous_1)","decl":{"start":{"line":4,"column":32},"end":{"line":4,"column":33}},"loc":{"start":{"line":4,"column":38},"end":{"line":8,"column":3}},"line":4},"2":{"name":"(anonymous_2)","decl":{"start":{"line":11,"column":12},"end":{"line":11,"column":13}},"loc":{"start":{"line":11,"column":66},"end":{"line":19,"column":1}},"line":11},"3":{"name":"(anonymous_3)","decl":{"start":{"line":14,"column":10},"end":{"line":14,"column":11}},"loc":{"start":{"line":15,"column":6},"end":{"line":17,"column":16}},"line":15}},"branchMap":{"0":{"loc":{"start":{"line":3,"column":14},"end":{"line":3,"column":36}},"type":"default-arg","locations":[{"start":{"line":3,"column":27},"end":{"line":3,"column":36}}],"line":3},"1":{"loc":{"start":{"line":5,"column":4},"end":{"line":7,"column":5}},"type":"if","locations":[{"start":{"line":5,"column":4},"end":{"line":7,"column":5}},{"start":{"line":5,"column":4},"end":{"line":7,"column":5}}],"line":5}},"s":{"0":0,"1":0,"2":0,"3":0,"4":0,"5":0,"6":0,"7":0,"8":0},"f":{"0":0,"1":0,"2":0,"3":0},"b":{"0":[0],"1":[0,0]}}
,"C:\\Users\\Lambda\\Documents\\dev\\lambda\\labs\\trashpanda-be\\database\\models\\postal_codes-model.js": {"path":"C:\\Users\\Lambda\\Documents\\dev\\lambda\\labs\\trashpanda-be\\database\\models\\postal_codes-model.js","statementMap":{"0":{"start":{"line":1,"column":11},"end":{"line":1,"column":33}},"1":{"start":{"line":4,"column":4},"end":{"line":6,"column":20}},"2":{"start":{"line":10,"column":5},"end":{"line":10,"column":54}},"3":{"start":{"line":12,"column":4},"end":{"line":12,"column":56}},"4":{"start":{"line":15,"column":0},"end":{"line":18,"column":4}}},"fnMap":{"0":{"name":"findByPostalCode","decl":{"start":{"line":3,"column":9},"end":{"line":3,"column":25}},"loc":{"start":{"line":3,"column":38},"end":{"line":7,"column":1}},"line":3},"1":{"name":"add","decl":{"start":{"line":9,"column":15},"end":{"line":9,"column":18}},"loc":{"start":{"line":9,"column":35},"end":{"line":13,"column":1}},"line":9}},"branchMap":{},"s":{"0":0,"1":0,"2":0,"3":0,"4":0},"f":{"0":0,"1":0},"b":{}}
,"C:\\Users\\Lambda\\Documents\\dev\\lambda\\labs\\trashpanda-be\\src\\index.js": {"path":"C:\\Users\\Lambda\\Documents\\dev\\lambda\\labs\\trashpanda-be\\src\\index.js","statementMap":{"0":{"start":{"line":1,"column":0},"end":{"line":1,"column":27}},"1":{"start":{"line":2,"column":25},"end":{"line":2,"column":49}},"2":{"start":{"line":4,"column":17},"end":{"line":4,"column":47}},"3":{"start":{"line":5,"column":20},"end":{"line":5,"column":53}},"4":{"start":{"line":6,"column":17},"end":{"line":6,"column":36}},"5":{"start":{"line":7,"column":18},"end":{"line":7,"column":40}},"6":{"start":{"line":9,"column":15},"end":{"line":23,"column":2}},"7":{"start":{"line":12,"column":22},"end":{"line":15,"column":3}},"8":{"start":{"line":20,"column":4},"end":{"line":20,"column":27}},"9":{"start":{"line":21,"column":4},"end":{"line":21,"column":15}},"10":{"start":{"line":25,"column":0},"end":{"line":27,"column":3}},"11":{"start":{"line":26,"column":2},"end":{"line":26,"column":43}}},"fnMap":{"0":{"name":"(anonymous_0)","decl":{"start":{"line":12,"column":15},"end":{"line":12,"column":16}},"loc":{"start":{"line":12,"column":22},"end":{"line":15,"column":3}},"line":12},"1":{"name":"(anonymous_1)","decl":{"start":{"line":19,"column":15},"end":{"line":19,"column":16}},"loc":{"start":{"line":19,"column":22},"end":{"line":22,"column":3}},"line":19},"2":{"name":"(anonymous_2)","decl":{"start":{"line":25,"column":55},"end":{"line":25,"column":56}},"loc":{"start":{"line":25,"column":68},"end":{"line":27,"column":1}},"line":25}},"branchMap":{"0":{"loc":{"start":{"line":25,"column":22},"end":{"line":25,"column":46}},"type":"binary-expr","locations":[{"start":{"line":25,"column":22},"end":{"line":25,"column":38}},{"start":{"line":25,"column":42},"end":{"line":25,"column":46}}],"line":25}},"s":{"0":0,"1":0,"2":0,"3":0,"4":0,"5":0,"6":0,"7":0,"8":0,"9":0,"10":0,"11":0},"f":{"0":0,"1":0,"2":0},"b":{"0":[0,0]}}
,"C:\\Users\\Lambda\\Documents\\dev\\lambda\\labs\\trashpanda-be\\src\\resolvers.js": {"path":"C:\\Users\\Lambda\\Documents\\dev\\lambda\\labs\\trashpanda-be\\src\\resolvers.js","statementMap":{"0":{"start":{"line":1,"column":0},"end":{"line":25,"column":2}},"1":{"start":{"line":5,"column":6},"end":{"line":5,"column":44}},"2":{"start":{"line":6,"column":42},"end":{"line":6,"column":79}},"3":{"start":{"line":8,"column":6},"end":{"line":12,"column":8}},"4":{"start":{"line":14,"column":6},"end":{"line":14,"column":59}},"5":{"start":{"line":16,"column":6},"end":{"line":19,"column":8}},"6":{"start":{"line":21,"column":6},"end":{"line":21,"column":68}},"7":{"start":{"line":23,"column":6},"end":{"line":23,"column":53}}},"fnMap":{"0":{"name":"(anonymous_0)","decl":{"start":{"line":4,"column":15},"end":{"line":4,"column":16}},"loc":{"start":{"line":5,"column":6},"end":{"line":5,"column":44}},"line":5},"1":{"name":"(anonymous_1)","decl":{"start":{"line":6,"column":14},"end":{"line":6,"column":15}},"loc":{"start":{"line":6,"column":42},"end":{"line":6,"column":79}},"line":6},"2":{"name":"(anonymous_2)","decl":{"start":{"line":7,"column":15},"end":{"line":7,"column":16}},"loc":{"start":{"line":8,"column":6},"end":{"line":12,"column":8}},"line":8},"3":{"name":"(anonymous_3)","decl":{"start":{"line":13,"column":14},"end":{"line":13,"column":15}},"loc":{"start":{"line":14,"column":6},"end":{"line":14,"column":59}},"line":14},"4":{"name":"(anonymous_4)","decl":{"start":{"line":15,"column":17},"end":{"line":15,"column":18}},"loc":{"start":{"line":16,"column":6},"end":{"line":19,"column":8}},"line":16},"5":{"name":"(anonymous_5)","decl":{"start":{"line":20,"column":23},"end":{"line":20,"column":24}},"loc":{"start":{"line":21,"column":6},"end":{"line":21,"column":68}},"line":21},"6":{"name":"(anonymous_6)","decl":{"start":{"line":22,"column":12},"end":{"line":22,"column":13}},"loc":{"start":{"line":23,"column":6},"end":{"line":23,"column":53}},"line":23}},"branchMap":{},"s":{"0":1,"1":1,"2":1,"3":0,"4":0,"5":1,"6":1,"7":0},"f":{"0":1,"1":1,"2":0,"3":0,"4":1,"5":1,"6":0},"b":{},"_coverageSchema":"1a1c01bbd47fc00a2c39e90264f33305004495a9","hash":"864e026a1fc7c1a2065ee5ba7cca45762df072b7"}
,"C:\\Users\\Lambda\\Documents\\dev\\lambda\\labs\\trashpanda-be\\src\\schema.js": {"path":"C:\\Users\\Lambda\\Documents\\dev\\lambda\\labs\\trashpanda-be\\src\\schema.js","statementMap":{"0":{"start":{"line":1,"column":16},"end":{"line":1,"column":40}},"1":{"start":{"line":3,"column":17},"end":{"line":62,"column":1}},"2":{"start":{"line":64,"column":0},"end":{"line":64,"column":26}}},"fnMap":{},"branchMap":{},"s":{"0":1,"1":1,"2":1},"f":{},"b":{},"_coverageSchema":"1a1c01bbd47fc00a2c39e90264f33305004495a9","hash":"72493b658115b7fe3575f20276dceacc6ea5523b"}
,"C:\\Users\\Lambda\\Documents\\dev\\lambda\\labs\\trashpanda-be\\src\\datasources\\earth.js": {"path":"C:\\Users\\Lambda\\Documents\\dev\\lambda\\labs\\trashpanda-be\\src\\datasources\\earth.js","statementMap":{"0":{"start":{"line":1,"column":27},"end":{"line":1,"column":60}},"1":{"start":{"line":2,"column":18},"end":{"line":2,"column":66}},"2":{"start":{"line":3,"column":20},"end":{"line":3,"column":71}},"3":{"start":{"line":7,"column":4},"end":{"line":7,"column":12}},"4":{"start":{"line":8,"column":4},"end":{"line":8,"column":45}},"5":{"start":{"line":9,"column":4},"end":{"line":9,"column":60}},"6":{"start":{"line":13,"column":4},"end":{"line":22,"column":6}},"7":{"start":{"line":26,"column":4},"end":{"line":31,"column":6}},"8":{"start":{"line":35,"column":4},"end":{"line":39,"column":6}},"9":{"start":{"line":43,"column":4},"end":{"line":46,"column":6}},"10":{"start":{"line":50,"column":24},"end":{"line":50,"column":46}},"11":{"start":{"line":51,"column":21},"end":{"line":51,"column":74}},"12":{"start":{"line":52,"column":19},"end":{"line":52,"column":46}},"13":{"start":{"line":53,"column":4},"end":{"line":62,"column":5}},"14":{"start":{"line":54,"column":6},"end":{"line":59,"column":9}},"15":{"start":{"line":55,"column":27},"end":{"line":57,"column":12}},"16":{"start":{"line":56,"column":19},"end":{"line":56,"column":61}},"17":{"start":{"line":58,"column":8},"end":{"line":58,"column":58}},"18":{"start":{"line":61,"column":6},"end":{"line":61,"column":16}},"19":{"start":{"line":66,"column":21},"end":{"line":68,"column":5}},"20":{"start":{"line":69,"column":19},"end":{"line":69,"column":46}},"21":{"start":{"line":70,"column":4},"end":{"line":72,"column":11}},"22":{"start":{"line":71,"column":29},"end":{"line":71,"column":55}},"23":{"start":{"line":76,"column":4},"end":{"line":80,"column":5}},"24":{"start":{"line":77,"column":6},"end":{"line":77,"column":81}},"25":{"start":{"line":79,"column":6},"end":{"line":79,"column":54}},"26":{"start":{"line":85,"column":24},"end":{"line":85,"column":65}},"27":{"start":{"line":86,"column":22},"end":{"line":88,"column":5}},"28":{"start":{"line":89,"column":25},"end":{"line":89,"column":53}},"29":{"start":{"line":92,"column":24},"end":{"line":96,"column":10}},"30":{"start":{"line":94,"column":10},"end":{"line":94,"column":38}},"31":{"start":{"line":99,"column":4},"end":{"line":107,"column":6}},"32":{"start":{"line":101,"column":32},"end":{"line":103,"column":9}},"33":{"start":{"line":104,"column":30},"end":{"line":104,"column":57}},"34":{"start":{"line":105,"column":8},"end":{"line":105,"column":62}},"35":{"start":{"line":111,"column":21},"end":{"line":111,"column":49}},"36":{"start":{"line":112,"column":4},"end":{"line":112,"column":26}},"37":{"start":{"line":113,"column":21},"end":{"line":115,"column":8}},"38":{"start":{"line":114,"column":18},"end":{"line":114,"column":54}},"39":{"start":{"line":116,"column":4},"end":{"line":116,"column":20}},"40":{"start":{"line":122,"column":26},"end":{"line":122,"column":73}},"41":{"start":{"line":123,"column":4},"end":{"line":136,"column":5}},"42":{"start":{"line":125,"column":6},"end":{"line":125,"column":27}},"43":{"start":{"line":128,"column":23},"end":{"line":130,"column":7}},"44":{"start":{"line":131,"column":25},"end":{"line":131,"column":58}},"45":{"start":{"line":133,"column":30},"end":{"line":133,"column":64}},"46":{"start":{"line":134,"column":6},"end":{"line":134,"column":39}},"47":{"start":{"line":135,"column":6},"end":{"line":135,"column":29}},"48":{"start":{"line":140,"column":21},"end":{"line":140,"column":48}},"49":{"start":{"line":141,"column":19},"end":{"line":141,"column":79}},"50":{"start":{"line":141,"column":45},"end":{"line":141,"column":75}},"51":{"start":{"line":142,"column":26},"end":{"line":144,"column":5}},"52":{"start":{"line":143,"column":6},"end":{"line":143,"column":39}},"53":{"start":{"line":145,"column":4},"end":{"line":145,"column":25}},"54":{"start":{"line":149,"column":0},"end":{"line":149,"column":26}}},"fnMap":{"0":{"name":"(anonymous_0)","decl":{"start":{"line":6,"column":2},"end":{"line":6,"column":3}},"loc":{"start":{"line":6,"column":16},"end":{"line":10,"column":3}},"line":6},"1":{"name":"(anonymous_1)","decl":{"start":{"line":12,"column":2},"end":{"line":12,"column":3}},"loc":{"start":{"line":12,"column":37},"end":{"line":23,"column":3}},"line":12},"2":{"name":"(anonymous_2)","decl":{"start":{"line":25,"column":2},"end":{"line":25,"column":3}},"loc":{"start":{"line":25,"column":24},"end":{"line":32,"column":3}},"line":25},"3":{"name":"(anonymous_3)","decl":{"start":{"line":34,"column":2},"end":{"line":34,"column":3}},"loc":{"start":{"line":34,"column":32},"end":{"line":40,"column":3}},"line":34},"4":{"name":"(anonymous_4)","decl":{"start":{"line":42,"column":2},"end":{"line":42,"column":3}},"loc":{"start":{"line":42,"column":28},"end":{"line":47,"column":3}},"line":42},"5":{"name":"(anonymous_5)","decl":{"start":{"line":49,"column":2},"end":{"line":49,"column":3}},"loc":{"start":{"line":49,"column":26},"end":{"line":63,"column":3}},"line":49},"6":{"name":"(anonymous_6)","decl":{"start":{"line":54,"column":24},"end":{"line":54,"column":25}},"loc":{"start":{"line":54,"column":36},"end":{"line":59,"column":7}},"line":54},"7":{"name":"(anonymous_7)","decl":{"start":{"line":56,"column":10},"end":{"line":56,"column":11}},"loc":{"start":{"line":56,"column":19},"end":{"line":56,"column":61}},"line":56},"8":{"name":"(anonymous_8)","decl":{"start":{"line":65,"column":2},"end":{"line":65,"column":3}},"loc":{"start":{"line":65,"column":25},"end":{"line":73,"column":3}},"line":65},"9":{"name":"(anonymous_9)","decl":{"start":{"line":71,"column":19},"end":{"line":71,"column":20}},"loc":{"start":{"line":71,"column":29},"end":{"line":71,"column":55}},"line":71},"10":{"name":"(anonymous_10)","decl":{"start":{"line":75,"column":2},"end":{"line":75,"column":3}},"loc":{"start":{"line":75,"column":39},"end":{"line":81,"column":3}},"line":75},"11":{"name":"(anonymous_11)","decl":{"start":{"line":83,"column":2},"end":{"line":83,"column":3}},"loc":{"start":{"line":83,"column":62},"end":{"line":108,"column":3}},"line":83},"12":{"name":"(anonymous_12)","decl":{"start":{"line":93,"column":25},"end":{"line":93,"column":26}},"loc":{"start":{"line":93,"column":37},"end":{"line":95,"column":9}},"line":93},"13":{"name":"(anonymous_13)","decl":{"start":{"line":100,"column":22},"end":{"line":100,"column":23}},"loc":{"start":{"line":100,"column":34},"end":{"line":106,"column":7}},"line":100},"14":{"name":"(anonymous_14)","decl":{"start":{"line":110,"column":2},"end":{"line":110,"column":3}},"loc":{"start":{"line":110,"column":37},"end":{"line":117,"column":3}},"line":110},"15":{"name":"(anonymous_15)","decl":{"start":{"line":114,"column":6},"end":{"line":114,"column":7}},"loc":{"start":{"line":114,"column":18},"end":{"line":114,"column":54}},"line":114},"16":{"name":"(anonymous_16)","decl":{"start":{"line":120,"column":2},"end":{"line":120,"column":3}},"loc":{"start":{"line":120,"column":48},"end":{"line":137,"column":3}},"line":120},"17":{"name":"(anonymous_17)","decl":{"start":{"line":139,"column":2},"end":{"line":139,"column":3}},"loc":{"start":{"line":139,"column":46},"end":{"line":146,"column":3}},"line":139},"18":{"name":"(anonymous_18)","decl":{"start":{"line":141,"column":35},"end":{"line":141,"column":36}},"loc":{"start":{"line":141,"column":45},"end":{"line":141,"column":75}},"line":141},"19":{"name":"(anonymous_19)","decl":{"start":{"line":142,"column":50},"end":{"line":142,"column":51}},"loc":{"start":{"line":143,"column":6},"end":{"line":143,"column":39}},"line":143}},"branchMap":{"0":{"loc":{"start":{"line":19,"column":17},"end":{"line":19,"column":48}},"type":"binary-expr","locations":[{"start":{"line":19,"column":17},"end":{"line":19,"column":24}},{"start":{"line":19,"column":28},"end":{"line":19,"column":48}}],"line":19},"1":{"loc":{"start":{"line":20,"column":19},"end":{"line":20,"column":52}},"type":"binary-expr","locations":[{"start":{"line":20,"column":19},"end":{"line":20,"column":26}},{"start":{"line":20,"column":30},"end":{"line":20,"column":52}}],"line":20},"2":{"loc":{"start":{"line":21,"column":19},"end":{"line":21,"column":52}},"type":"binary-expr","locations":[{"start":{"line":21,"column":19},"end":{"line":21,"column":26}},{"start":{"line":21,"column":30},"end":{"line":21,"column":52}}],"line":21},"3":{"loc":{"start":{"line":53,"column":4},"end":{"line":62,"column":5}},"type":"if","locations":[{"start":{"line":53,"column":4},"end":{"line":62,"column":5}},{"start":{"line":53,"column":4},"end":{"line":62,"column":5}}],"line":53},"4":{"loc":{"start":{"line":70,"column":11},"end":{"line":72,"column":10}},"type":"cond-expr","locations":[{"start":{"line":71,"column":8},"end":{"line":71,"column":56}},{"start":{"line":72,"column":8},"end":{"line":72,"column":10}}],"line":70},"5":{"loc":{"start":{"line":76,"column":4},"end":{"line":80,"column":5}},"type":"if","locations":[{"start":{"line":76,"column":4},"end":{"line":80,"column":5}},{"start":{"line":76,"column":4},"end":{"line":80,"column":5}}],"line":76},"6":{"loc":{"start":{"line":92,"column":24},"end":{"line":96,"column":10}},"type":"cond-expr","locations":[{"start":{"line":93,"column":8},"end":{"line":95,"column":10}},{"start":{"line":96,"column":8},"end":{"line":96,"column":10}}],"line":92},"7":{"loc":{"start":{"line":123,"column":4},"end":{"line":136,"column":5}},"type":"if","locations":[{"start":{"line":123,"column":4},"end":{"line":136,"column":5}},{"start":{"line":123,"column":4},"end":{"line":136,"column":5}}],"line":123}},"s":{"0":1,"1":1,"2":1,"3":1,"4":1,"5":1,"6":2,"7":3,"8":2,"9":2,"10":1,"11":1,"12":1,"13":1,"14":1,"15":1,"16":1,"17":1,"18":0,"19":1,"20":1,"21":1,"22":2,"23":1,"24":1,"25":0,"26":1,"27":1,"28":1,"29":1,"30":1,"31":1,"32":1,"33":1,"34":1,"35":0,"36":0,"37":0,"38":0,"39":0,"40":2,"41":2,"42":1,"43":1,"44":1,"45":1,"46":1,"47":1,"48":1,"49":1,"50":2,"51":1,"52":3,"53":1,"54":1},"f":{"0":1,"1":2,"2":3,"3":2,"4":2,"5":1,"6":1,"7":1,"8":1,"9":2,"10":1,"11":1,"12":1,"13":1,"14":0,"15":0,"16":2,"17":1,"18":2,"19":3},"b":{"0":[2,2],"1":[2,2],"2":[2,2],"3":[1,0],"4":[1,0],"5":[1,0],"6":[1,0],"7":[1,1]},"_coverageSchema":"1a1c01bbd47fc00a2c39e90264f33305004495a9","hash":"8c0dc65e1a4124fa94fd0a77097aa5baf7d1bb50"}
,"C:\\Users\\Lambda\\Documents\\dev\\lambda\\labs\\trashpanda-be\\src\\datasources\\mapquest.js": {"path":"C:\\Users\\Lambda\\Documents\\dev\\lambda\\labs\\trashpanda-be\\src\\datasources\\mapquest.js","statementMap":{"0":{"start":{"line":1,"column":27},"end":{"line":1,"column":60}},"1":{"start":{"line":5,"column":4},"end":{"line":5,"column":12}},"2":{"start":{"line":6,"column":4},"end":{"line":6,"column":62}},"3":{"start":{"line":11,"column":4},"end":{"line":15,"column":6}},"4":{"start":{"line":19,"column":17},"end":{"line":21,"column":5}},"5":{"start":{"line":23,"column":4},"end":{"line":23,"column":64}},"6":{"start":{"line":27,"column":0},"end":{"line":27,"column":29}}},"fnMap":{"0":{"name":"(anonymous_0)","decl":{"start":{"line":4,"column":2},"end":{"line":4,"column":3}},"loc":{"start":{"line":4,"column":16},"end":{"line":7,"column":3}},"line":4},"1":{"name":"(anonymous_1)","decl":{"start":{"line":9,"column":2},"end":{"line":9,"column":3}},"loc":{"start":{"line":9,"column":32},"end":{"line":16,"column":3}},"line":9},"2":{"name":"(anonymous_2)","decl":{"start":{"line":18,"column":2},"end":{"line":18,"column":3}},"loc":{"start":{"line":18,"column":26},"end":{"line":24,"column":3}},"line":18}},"branchMap":{},"s":{"0":1,"1":1,"2":1,"3":2,"4":1,"5":1,"6":1},"f":{"0":1,"1":2,"2":1},"b":{},"_coverageSchema":"1a1c01bbd47fc00a2c39e90264f33305004495a9","hash":"f5bd7b7bbfba3b0fc0a8ac282e392ed6ac3fd161"}
}
