{"C:\\Users\\Lambda\\Documents\\dev\\lambda\\labs\\trashpanda-be\\knexfile.js": {"path":"C:\\Users\\Lambda\\Documents\\dev\\lambda\\labs\\trashpanda-be\\knexfile.js","statementMap":{"0":{"start":{"line":3,"column":0},"end":{"line":55,"column":2}},"1":{"start":{"line":13,"column":8},"end":{"line":13,"column":51}},"2":{"start":{"line":32,"column":8},"end":{"line":32,"column":50}}},"fnMap":{"0":{"name":"(anonymous_0)","decl":{"start":{"line":12,"column":19},"end":{"line":12,"column":20}},"loc":{"start":{"line":12,"column":35},"end":{"line":14,"column":7}},"line":12},"1":{"name":"(anonymous_1)","decl":{"start":{"line":31,"column":19},"end":{"line":31,"column":20}},"loc":{"start":{"line":31,"column":32},"end":{"line":33,"column":7}},"line":31}},"branchMap":{},"s":{"0":0,"1":0,"2":0},"f":{"0":0,"1":0},"b":{}}
,"C:\\Users\\Lambda\\Documents\\dev\\lambda\\labs\\trashpanda-be\\database\\dbConfig.js": {"path":"C:\\Users\\Lambda\\Documents\\dev\\lambda\\labs\\trashpanda-be\\database\\dbConfig.js","statementMap":{"0":{"start":{"line":1,"column":13},"end":{"line":1,"column":28}},"1":{"start":{"line":2,"column":19},"end":{"line":2,"column":44}},"2":{"start":{"line":4,"column":15},"end":{"line":4,"column":76}},"3":{"start":{"line":6,"column":0},"end":{"line":6,"column":42}}},"fnMap":{},"branchMap":{"0":{"loc":{"start":{"line":4,"column":15},"end":{"line":4,"column":76}},"type":"binary-expr","locations":[{"start":{"line":4,"column":15},"end":{"line":4,"column":22}},{"start":{"line":4,"column":26},"end":{"line":4,"column":37}},{"start":{"line":4,"column":41},"end":{"line":4,"column":59}},{"start":{"line":4,"column":63},"end":{"line":4,"column":76}}],"line":4}},"s":{"0":0,"1":0,"2":0,"3":0},"f":{},"b":{"0":[0,0,0,0]}}
,"C:\\Users\\Lambda\\Documents\\dev\\lambda\\labs\\trashpanda-be\\database\\migrations\\20200131102323_initial.js": {"path":"C:\\Users\\Lambda\\Documents\\dev\\lambda\\labs\\trashpanda-be\\database\\migrations\\20200131102323_initial.js","statementMap":{"0":{"start":{"line":1,"column":0},"end":{"line":78,"column":4}},"1":{"start":{"line":2,"column":4},"end":{"line":77,"column":9}},"2":{"start":{"line":4,"column":8},"end":{"line":4,"column":30}},"3":{"start":{"line":6,"column":8},"end":{"line":6,"column":49}},"4":{"start":{"line":8,"column":8},"end":{"line":8,"column":49}},"5":{"start":{"line":10,"column":8},"end":{"line":10,"column":50}},"6":{"start":{"line":14,"column":8},"end":{"line":14,"column":32}},"7":{"start":{"line":16,"column":8},"end":{"line":19,"column":20}},"8":{"start":{"line":23,"column":8},"end":{"line":23,"column":31}},"9":{"start":{"line":25,"column":8},"end":{"line":28,"column":20}},"10":{"start":{"line":30,"column":8},"end":{"line":30,"column":53}},"11":{"start":{"line":32,"column":8},"end":{"line":32,"column":55}},"12":{"start":{"line":34,"column":8},"end":{"line":34,"column":55}},"13":{"start":{"line":40,"column":8},"end":{"line":48,"column":32}},"14":{"start":{"line":50,"column":8},"end":{"line":58,"column":32}},"15":{"start":{"line":62,"column":8},"end":{"line":62,"column":34}},"16":{"start":{"line":64,"column":8},"end":{"line":74,"column":32}},"17":{"start":{"line":76,"column":8},"end":{"line":76,"column":62}},"18":{"start":{"line":80,"column":2},"end":{"line":87,"column":4}},"19":{"start":{"line":81,"column":4},"end":{"line":86,"column":37}}},"fnMap":{"0":{"name":"(anonymous_0)","decl":{"start":{"line":1,"column":13},"end":{"line":1,"column":14}},"loc":{"start":{"line":1,"column":28},"end":{"line":78,"column":3}},"line":1},"1":{"name":"(anonymous_1)","decl":{"start":{"line":3,"column":31},"end":{"line":3,"column":32}},"loc":{"start":{"line":3,"column":43},"end":{"line":11,"column":7}},"line":3},"2":{"name":"(anonymous_2)","decl":{"start":{"line":13,"column":33},"end":{"line":13,"column":34}},"loc":{"start":{"line":13,"column":47},"end":{"line":20,"column":7}},"line":13},"3":{"name":"(anonymous_3)","decl":{"start":{"line":22,"column":32},"end":{"line":22,"column":33}},"loc":{"start":{"line":22,"column":45},"end":{"line":35,"column":7}},"line":22},"4":{"name":"(anonymous_4)","decl":{"start":{"line":37,"column":41},"end":{"line":37,"column":42}},"loc":{"start":{"line":37,"column":63},"end":{"line":59,"column":7}},"line":37},"5":{"name":"(anonymous_5)","decl":{"start":{"line":61,"column":35},"end":{"line":61,"column":36}},"loc":{"start":{"line":61,"column":51},"end":{"line":77,"column":7}},"line":61},"6":{"name":"(anonymous_6)","decl":{"start":{"line":80,"column":17},"end":{"line":80,"column":18}},"loc":{"start":{"line":80,"column":32},"end":{"line":87,"column":3}},"line":80}},"branchMap":{},"s":{"0":0,"1":0,"2":0,"3":0,"4":0,"5":0,"6":0,"7":0,"8":0,"9":0,"10":0,"11":0,"12":0,"13":0,"14":0,"15":0,"16":0,"17":0,"18":0,"19":0},"f":{"0":0,"1":0,"2":0,"3":0,"4":0,"5":0,"6":0},"b":{}}
,"C:\\Users\\Lambda\\Documents\\dev\\lambda\\labs\\trashpanda-be\\database\\migrations\\20200131102336_special_instructions.js": {"path":"C:\\Users\\Lambda\\Documents\\dev\\lambda\\labs\\trashpanda-be\\database\\migrations\\20200131102336_special_instructions.js","statementMap":{"0":{"start":{"line":1,"column":0},"end":{"line":5,"column":2}},"1":{"start":{"line":2,"column":2},"end":{"line":4,"column":5}},"2":{"start":{"line":3,"column":4},"end":{"line":3,"column":33}},"3":{"start":{"line":7,"column":0},"end":{"line":11,"column":2}},"4":{"start":{"line":8,"column":2},"end":{"line":10,"column":5}},"5":{"start":{"line":9,"column":4},"end":{"line":9,"column":36}}},"fnMap":{"0":{"name":"(anonymous_0)","decl":{"start":{"line":1,"column":13},"end":{"line":1,"column":14}},"loc":{"start":{"line":1,"column":28},"end":{"line":5,"column":1}},"line":1},"1":{"name":"(anonymous_1)","decl":{"start":{"line":2,"column":40},"end":{"line":2,"column":41}},"loc":{"start":{"line":2,"column":49},"end":{"line":4,"column":3}},"line":2},"2":{"name":"(anonymous_2)","decl":{"start":{"line":7,"column":15},"end":{"line":7,"column":16}},"loc":{"start":{"line":7,"column":30},"end":{"line":11,"column":1}},"line":7},"3":{"name":"(anonymous_3)","decl":{"start":{"line":8,"column":40},"end":{"line":8,"column":41}},"loc":{"start":{"line":8,"column":49},"end":{"line":10,"column":3}},"line":8}},"branchMap":{},"s":{"0":0,"1":0,"2":0,"3":0,"4":0,"5":0},"f":{"0":0,"1":0,"2":0,"3":0},"b":{}}
,"C:\\Users\\Lambda\\Documents\\dev\\lambda\\labs\\trashpanda-be\\database\\migrations\\20200201103833_postal_code_implementation.js": {"path":"C:\\Users\\Lambda\\Documents\\dev\\lambda\\labs\\trashpanda-be\\database\\migrations\\20200201103833_postal_code_implementation.js","statementMap":{"0":{"start":{"line":2,"column":0},"end":{"line":6,"column":2}},"1":{"start":{"line":3,"column":2},"end":{"line":5,"column":4}},"2":{"start":{"line":4,"column":6},"end":{"line":4,"column":50}},"3":{"start":{"line":8,"column":0},"end":{"line":12,"column":2}},"4":{"start":{"line":9,"column":2},"end":{"line":11,"column":4}},"5":{"start":{"line":10,"column":6},"end":{"line":10,"column":50}}},"fnMap":{"0":{"name":"(anonymous_0)","decl":{"start":{"line":2,"column":13},"end":{"line":2,"column":14}},"loc":{"start":{"line":2,"column":28},"end":{"line":6,"column":1}},"line":2},"1":{"name":"(anonymous_1)","decl":{"start":{"line":3,"column":39},"end":{"line":3,"column":40}},"loc":{"start":{"line":3,"column":48},"end":{"line":5,"column":3}},"line":3},"2":{"name":"(anonymous_2)","decl":{"start":{"line":8,"column":15},"end":{"line":8,"column":16}},"loc":{"start":{"line":8,"column":30},"end":{"line":12,"column":1}},"line":8},"3":{"name":"(anonymous_3)","decl":{"start":{"line":9,"column":39},"end":{"line":9,"column":40}},"loc":{"start":{"line":9,"column":48},"end":{"line":11,"column":3}},"line":9}},"branchMap":{},"s":{"0":0,"1":0,"2":0,"3":0,"4":0,"5":0},"f":{"0":0,"1":0,"2":0,"3":0},"b":{}}
,"C:\\Users\\Lambda\\Documents\\dev\\lambda\\labs\\trashpanda-be\\database\\migrations\\20200201105116_postal_codes_table.js": {"path":"C:\\Users\\Lambda\\Documents\\dev\\lambda\\labs\\trashpanda-be\\database\\migrations\\20200201105116_postal_codes_table.js","statementMap":{"0":{"start":{"line":2,"column":0},"end":{"line":4,"column":2}},"1":{"start":{"line":3,"column":2},"end":{"line":3,"column":60}},"2":{"start":{"line":6,"column":0},"end":{"line":8,"column":2}},"3":{"start":{"line":7,"column":4},"end":{"line":7,"column":62}}},"fnMap":{"0":{"name":"(anonymous_0)","decl":{"start":{"line":2,"column":13},"end":{"line":2,"column":14}},"loc":{"start":{"line":2,"column":28},"end":{"line":4,"column":1}},"line":2},"1":{"name":"(anonymous_1)","decl":{"start":{"line":6,"column":15},"end":{"line":6,"column":16}},"loc":{"start":{"line":6,"column":30},"end":{"line":8,"column":1}},"line":6}},"branchMap":{},"s":{"0":0,"1":0,"2":0,"3":0},"f":{"0":0,"1":0},"b":{}}
,"C:\\Users\\Lambda\\Documents\\dev\\lambda\\labs\\trashpanda-be\\database\\models\\materials-model.js": {"path":"C:\\Users\\Lambda\\Documents\\dev\\lambda\\labs\\trashpanda-be\\database\\models\\materials-model.js","statementMap":{"0":{"start":{"line":1,"column":11},"end":{"line":1,"column":33}},"1":{"start":{"line":3,"column":13},"end":{"line":9,"column":1}},"2":{"start":{"line":4,"column":2},"end":{"line":8,"column":5}},"3":{"start":{"line":5,"column":4},"end":{"line":7,"column":5}},"4":{"start":{"line":6,"column":6},"end":{"line":6,"column":44}},"5":{"start":{"line":11,"column":12},"end":{"line":19,"column":1}},"6":{"start":{"line":12,"column":2},"end":{"line":18,"column":6}},"7":{"start":{"line":15,"column":6},"end":{"line":17,"column":16}},"8":{"start":{"line":21,"column":0},"end":{"line":24,"column":2}}},"fnMap":{"0":{"name":"(anonymous_0)","decl":{"start":{"line":3,"column":13},"end":{"line":3,"column":14}},"loc":{"start":{"line":3,"column":41},"end":{"line":9,"column":1}},"line":3},"1":{"name":"(anonymous_1)","decl":{"start":{"line":4,"column":32},"end":{"line":4,"column":33}},"loc":{"start":{"line":4,"column":38},"end":{"line":8,"column":3}},"line":4},"2":{"name":"(anonymous_2)","decl":{"start":{"line":11,"column":12},"end":{"line":11,"column":13}},"loc":{"start":{"line":11,"column":66},"end":{"line":19,"column":1}},"line":11},"3":{"name":"(anonymous_3)","decl":{"start":{"line":14,"column":10},"end":{"line":14,"column":11}},"loc":{"start":{"line":15,"column":6},"end":{"line":17,"column":16}},"line":15}},"branchMap":{"0":{"loc":{"start":{"line":3,"column":14},"end":{"line":3,"column":36}},"type":"default-arg","locations":[{"start":{"line":3,"column":27},"end":{"line":3,"column":36}}],"line":3},"1":{"loc":{"start":{"line":5,"column":4},"end":{"line":7,"column":5}},"type":"if","locations":[{"start":{"line":5,"column":4},"end":{"line":7,"column":5}},{"start":{"line":5,"column":4},"end":{"line":7,"column":5}}],"line":5}},"s":{"0":0,"1":0,"2":0,"3":0,"4":0,"5":0,"6":0,"7":0,"8":0},"f":{"0":0,"1":0,"2":0,"3":0},"b":{"0":[0],"1":[0,0]}}
,"C:\\Users\\Lambda\\Documents\\dev\\lambda\\labs\\trashpanda-be\\database\\models\\postal_codes-model.js": {"path":"C:\\Users\\Lambda\\Documents\\dev\\lambda\\labs\\trashpanda-be\\database\\models\\postal_codes-model.js","statementMap":{"0":{"start":{"line":1,"column":11},"end":{"line":1,"column":33}},"1":{"start":{"line":4,"column":4},"end":{"line":6,"column":20}},"2":{"start":{"line":10,"column":5},"end":{"line":10,"column":54}},"3":{"start":{"line":12,"column":4},"end":{"line":12,"column":56}},"4":{"start":{"line":15,"column":0},"end":{"line":18,"column":4}}},"fnMap":{"0":{"name":"findByPostalCode","decl":{"start":{"line":3,"column":9},"end":{"line":3,"column":25}},"loc":{"start":{"line":3,"column":38},"end":{"line":7,"column":1}},"line":3},"1":{"name":"add","decl":{"start":{"line":9,"column":15},"end":{"line":9,"column":18}},"loc":{"start":{"line":9,"column":35},"end":{"line":13,"column":1}},"line":9}},"branchMap":{},"s":{"0":0,"1":0,"2":0,"3":0,"4":0},"f":{"0":0,"1":0},"b":{}}
,"C:\\Users\\Lambda\\Documents\\dev\\lambda\\labs\\trashpanda-be\\database\\seeds\\00-Cleanup.js": {"path":"C:\\Users\\Lambda\\Documents\\dev\\lambda\\labs\\trashpanda-be\\database\\seeds\\00-Cleanup.js","statementMap":{"0":{"start":{"line":1,"column":16},"end":{"line":1,"column":39}},"1":{"start":{"line":3,"column":0},"end":{"line":7,"column":2}},"2":{"start":{"line":4,"column":2},"end":{"line":6,"column":5}}},"fnMap":{"0":{"name":"(anonymous_0)","decl":{"start":{"line":3,"column":15},"end":{"line":3,"column":16}},"loc":{"start":{"line":3,"column":30},"end":{"line":7,"column":1}},"line":3}},"branchMap":{},"s":{"0":0,"1":0,"2":0},"f":{"0":0},"b":{}}
,"C:\\Users\\Lambda\\Documents\\dev\\lambda\\labs\\trashpanda-be\\database\\seeds\\01-Materials.js": {"path":"C:\\Users\\Lambda\\Documents\\dev\\lambda\\labs\\trashpanda-be\\database\\seeds\\01-Materials.js","statementMap":{"0":{"start":{"line":1,"column":0},"end":{"line":382,"column":2}},"1":{"start":{"line":3,"column":2},"end":{"line":381,"column":7}},"2":{"start":{"line":7,"column":6},"end":{"line":7,"column":136}},"3":{"start":{"line":8,"column":6},"end":{"line":8,"column":135}},"4":{"start":{"line":9,"column":6},"end":{"line":9,"column":136}},"5":{"start":{"line":10,"column":6},"end":{"line":10,"column":136}},"6":{"start":{"line":11,"column":6},"end":{"line":11,"column":136}},"7":{"start":{"line":12,"column":6},"end":{"line":12,"column":136}},"8":{"start":{"line":13,"column":6},"end":{"line":13,"column":136}},"9":{"start":{"line":14,"column":6},"end":{"line":14,"column":135}},"10":{"start":{"line":15,"column":6},"end":{"line":15,"column":136}},"11":{"start":{"line":16,"column":6},"end":{"line":16,"column":136}},"12":{"start":{"line":17,"column":6},"end":{"line":17,"column":136}},"13":{"start":{"line":18,"column":6},"end":{"line":18,"column":136}},"14":{"start":{"line":19,"column":6},"end":{"line":19,"column":135}},"15":{"start":{"line":20,"column":6},"end":{"line":20,"column":135}},"16":{"start":{"line":21,"column":6},"end":{"line":21,"column":136}},"17":{"start":{"line":22,"column":6},"end":{"line":22,"column":136}},"18":{"start":{"line":23,"column":6},"end":{"line":23,"column":135}},"19":{"start":{"line":24,"column":6},"end":{"line":24,"column":136}},"20":{"start":{"line":25,"column":6},"end":{"line":25,"column":136}},"21":{"start":{"line":26,"column":6},"end":{"line":26,"column":136}},"22":{"start":{"line":27,"column":6},"end":{"line":27,"column":136}},"23":{"start":{"line":28,"column":6},"end":{"line":28,"column":135}},"24":{"start":{"line":29,"column":6},"end":{"line":29,"column":136}},"25":{"start":{"line":30,"column":6},"end":{"line":30,"column":136}},"26":{"start":{"line":31,"column":6},"end":{"line":31,"column":136}},"27":{"start":{"line":32,"column":6},"end":{"line":32,"column":135}},"28":{"start":{"line":33,"column":6},"end":{"line":33,"column":136}},"29":{"start":{"line":34,"column":6},"end":{"line":34,"column":136}},"30":{"start":{"line":35,"column":6},"end":{"line":35,"column":136}},"31":{"start":{"line":36,"column":6},"end":{"line":36,"column":136}},"32":{"start":{"line":37,"column":6},"end":{"line":37,"column":136}},"33":{"start":{"line":38,"column":6},"end":{"line":38,"column":136}},"34":{"start":{"line":39,"column":6},"end":{"line":39,"column":136}},"35":{"start":{"line":40,"column":6},"end":{"line":40,"column":135}},"36":{"start":{"line":41,"column":6},"end":{"line":41,"column":136}},"37":{"start":{"line":42,"column":6},"end":{"line":42,"column":136}},"38":{"start":{"line":43,"column":6},"end":{"line":43,"column":136}},"39":{"start":{"line":44,"column":6},"end":{"line":44,"column":136}},"40":{"start":{"line":45,"column":6},"end":{"line":45,"column":135}},"41":{"start":{"line":46,"column":6},"end":{"line":46,"column":136}},"42":{"start":{"line":47,"column":6},"end":{"line":47,"column":136}},"43":{"start":{"line":48,"column":6},"end":{"line":48,"column":135}},"44":{"start":{"line":49,"column":6},"end":{"line":49,"column":136}},"45":{"start":{"line":50,"column":6},"end":{"line":50,"column":136}},"46":{"start":{"line":51,"column":6},"end":{"line":51,"column":136}},"47":{"start":{"line":52,"column":6},"end":{"line":52,"column":136}},"48":{"start":{"line":53,"column":6},"end":{"line":53,"column":136}},"49":{"start":{"line":54,"column":6},"end":{"line":54,"column":136}},"50":{"start":{"line":55,"column":6},"end":{"line":55,"column":136}},"51":{"start":{"line":56,"column":6},"end":{"line":56,"column":136}},"52":{"start":{"line":57,"column":6},"end":{"line":57,"column":136}},"53":{"start":{"line":58,"column":6},"end":{"line":58,"column":135}},"54":{"start":{"line":59,"column":6},"end":{"line":59,"column":136}},"55":{"start":{"line":60,"column":6},"end":{"line":60,"column":136}},"56":{"start":{"line":61,"column":6},"end":{"line":61,"column":136}},"57":{"start":{"line":62,"column":6},"end":{"line":62,"column":136}},"58":{"start":{"line":63,"column":6},"end":{"line":63,"column":136}},"59":{"start":{"line":64,"column":6},"end":{"line":64,"column":136}},"60":{"start":{"line":65,"column":6},"end":{"line":65,"column":136}},"61":{"start":{"line":66,"column":6},"end":{"line":66,"column":134}},"62":{"start":{"line":67,"column":6},"end":{"line":67,"column":136}},"63":{"start":{"line":68,"column":6},"end":{"line":68,"column":136}},"64":{"start":{"line":69,"column":6},"end":{"line":69,"column":136}},"65":{"start":{"line":70,"column":6},"end":{"line":70,"column":136}},"66":{"start":{"line":71,"column":6},"end":{"line":71,"column":136}},"67":{"start":{"line":72,"column":6},"end":{"line":72,"column":136}},"68":{"start":{"line":73,"column":6},"end":{"line":73,"column":136}},"69":{"start":{"line":74,"column":6},"end":{"line":74,"column":136}},"70":{"start":{"line":75,"column":6},"end":{"line":75,"column":136}},"71":{"start":{"line":76,"column":6},"end":{"line":76,"column":136}},"72":{"start":{"line":77,"column":6},"end":{"line":77,"column":136}},"73":{"start":{"line":78,"column":6},"end":{"line":78,"column":136}},"74":{"start":{"line":79,"column":6},"end":{"line":79,"column":136}},"75":{"start":{"line":80,"column":6},"end":{"line":80,"column":136}},"76":{"start":{"line":81,"column":6},"end":{"line":81,"column":136}},"77":{"start":{"line":82,"column":6},"end":{"line":82,"column":136}},"78":{"start":{"line":83,"column":6},"end":{"line":83,"column":136}},"79":{"start":{"line":84,"column":6},"end":{"line":84,"column":136}},"80":{"start":{"line":85,"column":6},"end":{"line":85,"column":136}},"81":{"start":{"line":86,"column":6},"end":{"line":86,"column":136}},"82":{"start":{"line":87,"column":6},"end":{"line":87,"column":136}},"83":{"start":{"line":88,"column":6},"end":{"line":88,"column":135}},"84":{"start":{"line":89,"column":6},"end":{"line":89,"column":136}},"85":{"start":{"line":90,"column":6},"end":{"line":90,"column":136}},"86":{"start":{"line":91,"column":6},"end":{"line":91,"column":136}},"87":{"start":{"line":92,"column":6},"end":{"line":92,"column":136}},"88":{"start":{"line":93,"column":6},"end":{"line":93,"column":136}},"89":{"start":{"line":94,"column":6},"end":{"line":94,"column":136}},"90":{"start":{"line":95,"column":6},"end":{"line":95,"column":134}},"91":{"start":{"line":96,"column":6},"end":{"line":96,"column":136}},"92":{"start":{"line":97,"column":6},"end":{"line":97,"column":136}},"93":{"start":{"line":98,"column":6},"end":{"line":98,"column":136}},"94":{"start":{"line":99,"column":6},"end":{"line":99,"column":136}},"95":{"start":{"line":100,"column":6},"end":{"line":100,"column":136}},"96":{"start":{"line":101,"column":6},"end":{"line":101,"column":136}},"97":{"start":{"line":102,"column":6},"end":{"line":102,"column":136}},"98":{"start":{"line":103,"column":6},"end":{"line":103,"column":136}},"99":{"start":{"line":104,"column":6},"end":{"line":104,"column":136}},"100":{"start":{"line":105,"column":6},"end":{"line":105,"column":136}},"101":{"start":{"line":106,"column":6},"end":{"line":106,"column":136}},"102":{"start":{"line":107,"column":6},"end":{"line":107,"column":136}},"103":{"start":{"line":108,"column":6},"end":{"line":108,"column":136}},"104":{"start":{"line":109,"column":6},"end":{"line":109,"column":136}},"105":{"start":{"line":110,"column":6},"end":{"line":110,"column":136}},"106":{"start":{"line":111,"column":6},"end":{"line":111,"column":136}},"107":{"start":{"line":112,"column":6},"end":{"line":112,"column":136}},"108":{"start":{"line":113,"column":6},"end":{"line":113,"column":136}},"109":{"start":{"line":114,"column":6},"end":{"line":114,"column":136}},"110":{"start":{"line":115,"column":6},"end":{"line":115,"column":136}},"111":{"start":{"line":116,"column":6},"end":{"line":116,"column":135}},"112":{"start":{"line":117,"column":6},"end":{"line":117,"column":136}},"113":{"start":{"line":118,"column":6},"end":{"line":118,"column":135}},"114":{"start":{"line":119,"column":6},"end":{"line":119,"column":136}},"115":{"start":{"line":120,"column":6},"end":{"line":120,"column":136}},"116":{"start":{"line":121,"column":6},"end":{"line":121,"column":136}},"117":{"start":{"line":122,"column":6},"end":{"line":122,"column":136}},"118":{"start":{"line":123,"column":6},"end":{"line":123,"column":136}},"119":{"start":{"line":124,"column":6},"end":{"line":124,"column":136}},"120":{"start":{"line":125,"column":6},"end":{"line":125,"column":136}},"121":{"start":{"line":126,"column":6},"end":{"line":126,"column":136}},"122":{"start":{"line":127,"column":6},"end":{"line":127,"column":136}},"123":{"start":{"line":128,"column":6},"end":{"line":128,"column":136}},"124":{"start":{"line":129,"column":6},"end":{"line":129,"column":136}},"125":{"start":{"line":130,"column":6},"end":{"line":130,"column":136}},"126":{"start":{"line":131,"column":6},"end":{"line":131,"column":136}},"127":{"start":{"line":132,"column":6},"end":{"line":132,"column":136}},"128":{"start":{"line":133,"column":6},"end":{"line":133,"column":135}},"129":{"start":{"line":134,"column":6},"end":{"line":134,"column":136}},"130":{"start":{"line":135,"column":6},"end":{"line":135,"column":136}},"131":{"start":{"line":136,"column":6},"end":{"line":136,"column":136}},"132":{"start":{"line":137,"column":6},"end":{"line":137,"column":136}},"133":{"start":{"line":138,"column":6},"end":{"line":138,"column":136}},"134":{"start":{"line":139,"column":6},"end":{"line":139,"column":135}},"135":{"start":{"line":140,"column":6},"end":{"line":140,"column":136}},"136":{"start":{"line":141,"column":6},"end":{"line":141,"column":136}},"137":{"start":{"line":142,"column":6},"end":{"line":142,"column":135}},"138":{"start":{"line":143,"column":6},"end":{"line":143,"column":136}},"139":{"start":{"line":144,"column":6},"end":{"line":144,"column":136}},"140":{"start":{"line":145,"column":6},"end":{"line":145,"column":136}},"141":{"start":{"line":146,"column":6},"end":{"line":146,"column":136}},"142":{"start":{"line":147,"column":6},"end":{"line":147,"column":136}},"143":{"start":{"line":148,"column":6},"end":{"line":148,"column":136}},"144":{"start":{"line":149,"column":6},"end":{"line":149,"column":136}},"145":{"start":{"line":150,"column":6},"end":{"line":150,"column":136}},"146":{"start":{"line":151,"column":6},"end":{"line":151,"column":136}},"147":{"start":{"line":152,"column":6},"end":{"line":152,"column":136}},"148":{"start":{"line":153,"column":6},"end":{"line":153,"column":136}},"149":{"start":{"line":154,"column":6},"end":{"line":154,"column":136}},"150":{"start":{"line":155,"column":6},"end":{"line":155,"column":136}},"151":{"start":{"line":156,"column":6},"end":{"line":156,"column":136}},"152":{"start":{"line":157,"column":6},"end":{"line":157,"column":135}},"153":{"start":{"line":158,"column":6},"end":{"line":158,"column":136}},"154":{"start":{"line":159,"column":6},"end":{"line":159,"column":136}},"155":{"start":{"line":160,"column":6},"end":{"line":160,"column":136}},"156":{"start":{"line":161,"column":6},"end":{"line":161,"column":136}},"157":{"start":{"line":162,"column":6},"end":{"line":162,"column":136}},"158":{"start":{"line":163,"column":6},"end":{"line":163,"column":136}},"159":{"start":{"line":164,"column":6},"end":{"line":164,"column":136}},"160":{"start":{"line":165,"column":6},"end":{"line":165,"column":136}},"161":{"start":{"line":166,"column":6},"end":{"line":166,"column":136}},"162":{"start":{"line":167,"column":6},"end":{"line":167,"column":136}},"163":{"start":{"line":168,"column":6},"end":{"line":168,"column":136}},"164":{"start":{"line":169,"column":6},"end":{"line":169,"column":136}},"165":{"start":{"line":170,"column":6},"end":{"line":170,"column":136}},"166":{"start":{"line":171,"column":6},"end":{"line":171,"column":136}},"167":{"start":{"line":172,"column":6},"end":{"line":172,"column":136}},"168":{"start":{"line":173,"column":6},"end":{"line":173,"column":136}},"169":{"start":{"line":174,"column":6},"end":{"line":174,"column":136}},"170":{"start":{"line":175,"column":6},"end":{"line":175,"column":136}},"171":{"start":{"line":176,"column":6},"end":{"line":176,"column":136}},"172":{"start":{"line":177,"column":6},"end":{"line":177,"column":136}},"173":{"start":{"line":178,"column":6},"end":{"line":178,"column":136}},"174":{"start":{"line":179,"column":6},"end":{"line":179,"column":136}},"175":{"start":{"line":180,"column":6},"end":{"line":180,"column":136}},"176":{"start":{"line":181,"column":6},"end":{"line":181,"column":136}},"177":{"start":{"line":182,"column":6},"end":{"line":182,"column":136}},"178":{"start":{"line":183,"column":6},"end":{"line":183,"column":136}},"179":{"start":{"line":184,"column":6},"end":{"line":184,"column":136}},"180":{"start":{"line":185,"column":6},"end":{"line":185,"column":136}},"181":{"start":{"line":186,"column":6},"end":{"line":186,"column":136}},"182":{"start":{"line":187,"column":6},"end":{"line":187,"column":136}},"183":{"start":{"line":188,"column":6},"end":{"line":188,"column":136}},"184":{"start":{"line":189,"column":6},"end":{"line":189,"column":136}},"185":{"start":{"line":190,"column":6},"end":{"line":190,"column":137}},"186":{"start":{"line":191,"column":6},"end":{"line":191,"column":136}},"187":{"start":{"line":192,"column":6},"end":{"line":192,"column":136}},"188":{"start":{"line":193,"column":6},"end":{"line":193,"column":136}},"189":{"start":{"line":194,"column":6},"end":{"line":194,"column":136}},"190":{"start":{"line":195,"column":6},"end":{"line":195,"column":136}},"191":{"start":{"line":196,"column":6},"end":{"line":196,"column":136}},"192":{"start":{"line":197,"column":6},"end":{"line":197,"column":136}},"193":{"start":{"line":198,"column":6},"end":{"line":198,"column":136}},"194":{"start":{"line":199,"column":6},"end":{"line":199,"column":136}},"195":{"start":{"line":200,"column":6},"end":{"line":200,"column":135}},"196":{"start":{"line":201,"column":6},"end":{"line":201,"column":136}},"197":{"start":{"line":202,"column":6},"end":{"line":202,"column":136}},"198":{"start":{"line":203,"column":6},"end":{"line":203,"column":136}},"199":{"start":{"line":204,"column":6},"end":{"line":204,"column":136}},"200":{"start":{"line":205,"column":6},"end":{"line":205,"column":136}},"201":{"start":{"line":206,"column":6},"end":{"line":206,"column":136}},"202":{"start":{"line":207,"column":6},"end":{"line":207,"column":136}},"203":{"start":{"line":208,"column":6},"end":{"line":208,"column":136}},"204":{"start":{"line":209,"column":6},"end":{"line":209,"column":136}},"205":{"start":{"line":210,"column":6},"end":{"line":210,"column":136}},"206":{"start":{"line":211,"column":6},"end":{"line":211,"column":136}},"207":{"start":{"line":212,"column":6},"end":{"line":212,"column":136}},"208":{"start":{"line":213,"column":6},"end":{"line":213,"column":136}},"209":{"start":{"line":214,"column":6},"end":{"line":214,"column":136}},"210":{"start":{"line":215,"column":6},"end":{"line":215,"column":136}},"211":{"start":{"line":216,"column":6},"end":{"line":216,"column":136}},"212":{"start":{"line":217,"column":6},"end":{"line":217,"column":136}},"213":{"start":{"line":218,"column":6},"end":{"line":218,"column":136}},"214":{"start":{"line":219,"column":6},"end":{"line":219,"column":136}},"215":{"start":{"line":220,"column":6},"end":{"line":220,"column":136}},"216":{"start":{"line":221,"column":6},"end":{"line":221,"column":136}},"217":{"start":{"line":222,"column":6},"end":{"line":222,"column":134}},"218":{"start":{"line":223,"column":6},"end":{"line":223,"column":136}},"219":{"start":{"line":224,"column":6},"end":{"line":224,"column":135}},"220":{"start":{"line":225,"column":6},"end":{"line":225,"column":136}},"221":{"start":{"line":226,"column":6},"end":{"line":226,"column":136}},"222":{"start":{"line":227,"column":6},"end":{"line":227,"column":136}},"223":{"start":{"line":228,"column":6},"end":{"line":228,"column":136}},"224":{"start":{"line":229,"column":6},"end":{"line":229,"column":136}},"225":{"start":{"line":230,"column":6},"end":{"line":230,"column":136}},"226":{"start":{"line":231,"column":6},"end":{"line":231,"column":136}},"227":{"start":{"line":232,"column":6},"end":{"line":232,"column":136}},"228":{"start":{"line":233,"column":6},"end":{"line":233,"column":134}},"229":{"start":{"line":234,"column":6},"end":{"line":234,"column":136}},"230":{"start":{"line":235,"column":6},"end":{"line":235,"column":136}},"231":{"start":{"line":236,"column":6},"end":{"line":236,"column":136}},"232":{"start":{"line":237,"column":6},"end":{"line":237,"column":135}},"233":{"start":{"line":238,"column":6},"end":{"line":238,"column":136}},"234":{"start":{"line":239,"column":6},"end":{"line":239,"column":136}},"235":{"start":{"line":240,"column":6},"end":{"line":240,"column":136}},"236":{"start":{"line":241,"column":6},"end":{"line":241,"column":136}},"237":{"start":{"line":242,"column":6},"end":{"line":242,"column":135}},"238":{"start":{"line":243,"column":6},"end":{"line":243,"column":134}},"239":{"start":{"line":244,"column":6},"end":{"line":244,"column":136}},"240":{"start":{"line":245,"column":6},"end":{"line":245,"column":136}},"241":{"start":{"line":246,"column":6},"end":{"line":246,"column":136}},"242":{"start":{"line":247,"column":6},"end":{"line":247,"column":136}},"243":{"start":{"line":248,"column":6},"end":{"line":248,"column":136}},"244":{"start":{"line":249,"column":6},"end":{"line":249,"column":136}},"245":{"start":{"line":250,"column":6},"end":{"line":250,"column":136}},"246":{"start":{"line":251,"column":6},"end":{"line":251,"column":136}},"247":{"start":{"line":252,"column":6},"end":{"line":252,"column":135}},"248":{"start":{"line":253,"column":6},"end":{"line":253,"column":136}},"249":{"start":{"line":254,"column":6},"end":{"line":254,"column":136}},"250":{"start":{"line":255,"column":6},"end":{"line":255,"column":136}},"251":{"start":{"line":256,"column":6},"end":{"line":256,"column":137}},"252":{"start":{"line":257,"column":6},"end":{"line":257,"column":136}},"253":{"start":{"line":258,"column":6},"end":{"line":258,"column":135}},"254":{"start":{"line":259,"column":6},"end":{"line":259,"column":136}},"255":{"start":{"line":260,"column":6},"end":{"line":260,"column":136}},"256":{"start":{"line":261,"column":6},"end":{"line":261,"column":136}},"257":{"start":{"line":262,"column":6},"end":{"line":262,"column":135}},"258":{"start":{"line":263,"column":6},"end":{"line":263,"column":136}},"259":{"start":{"line":264,"column":6},"end":{"line":264,"column":133}},"260":{"start":{"line":265,"column":6},"end":{"line":265,"column":136}},"261":{"start":{"line":266,"column":6},"end":{"line":266,"column":135}},"262":{"start":{"line":267,"column":6},"end":{"line":267,"column":136}},"263":{"start":{"line":268,"column":6},"end":{"line":268,"column":136}},"264":{"start":{"line":269,"column":6},"end":{"line":269,"column":136}},"265":{"start":{"line":270,"column":6},"end":{"line":270,"column":136}},"266":{"start":{"line":271,"column":6},"end":{"line":271,"column":136}},"267":{"start":{"line":272,"column":6},"end":{"line":272,"column":135}},"268":{"start":{"line":273,"column":6},"end":{"line":273,"column":136}},"269":{"start":{"line":274,"column":6},"end":{"line":274,"column":136}},"270":{"start":{"line":275,"column":6},"end":{"line":275,"column":136}},"271":{"start":{"line":276,"column":6},"end":{"line":276,"column":136}},"272":{"start":{"line":277,"column":6},"end":{"line":277,"column":136}},"273":{"start":{"line":278,"column":6},"end":{"line":278,"column":136}},"274":{"start":{"line":279,"column":6},"end":{"line":279,"column":136}},"275":{"start":{"line":280,"column":6},"end":{"line":280,"column":135}},"276":{"start":{"line":281,"column":6},"end":{"line":281,"column":136}},"277":{"start":{"line":282,"column":6},"end":{"line":282,"column":136}},"278":{"start":{"line":283,"column":6},"end":{"line":283,"column":136}},"279":{"start":{"line":284,"column":6},"end":{"line":284,"column":135}},"280":{"start":{"line":285,"column":6},"end":{"line":285,"column":136}},"281":{"start":{"line":286,"column":6},"end":{"line":286,"column":136}},"282":{"start":{"line":287,"column":6},"end":{"line":287,"column":136}},"283":{"start":{"line":288,"column":6},"end":{"line":288,"column":136}},"284":{"start":{"line":289,"column":6},"end":{"line":289,"column":136}},"285":{"start":{"line":290,"column":6},"end":{"line":290,"column":136}},"286":{"start":{"line":291,"column":6},"end":{"line":291,"column":136}},"287":{"start":{"line":292,"column":6},"end":{"line":292,"column":136}},"288":{"start":{"line":293,"column":6},"end":{"line":293,"column":136}},"289":{"start":{"line":294,"column":6},"end":{"line":294,"column":136}},"290":{"start":{"line":295,"column":6},"end":{"line":295,"column":136}},"291":{"start":{"line":296,"column":6},"end":{"line":296,"column":136}},"292":{"start":{"line":297,"column":6},"end":{"line":297,"column":136}},"293":{"start":{"line":298,"column":6},"end":{"line":298,"column":136}},"294":{"start":{"line":299,"column":6},"end":{"line":299,"column":136}},"295":{"start":{"line":300,"column":6},"end":{"line":300,"column":136}},"296":{"start":{"line":301,"column":6},"end":{"line":301,"column":136}},"297":{"start":{"line":302,"column":6},"end":{"line":302,"column":136}},"298":{"start":{"line":303,"column":6},"end":{"line":303,"column":136}},"299":{"start":{"line":304,"column":6},"end":{"line":304,"column":136}},"300":{"start":{"line":305,"column":6},"end":{"line":305,"column":136}},"301":{"start":{"line":306,"column":6},"end":{"line":306,"column":136}},"302":{"start":{"line":307,"column":6},"end":{"line":307,"column":136}},"303":{"start":{"line":308,"column":6},"end":{"line":308,"column":136}},"304":{"start":{"line":309,"column":6},"end":{"line":309,"column":136}},"305":{"start":{"line":310,"column":6},"end":{"line":310,"column":136}},"306":{"start":{"line":311,"column":6},"end":{"line":311,"column":136}},"307":{"start":{"line":312,"column":6},"end":{"line":312,"column":135}},"308":{"start":{"line":313,"column":6},"end":{"line":313,"column":136}},"309":{"start":{"line":314,"column":6},"end":{"line":314,"column":136}},"310":{"start":{"line":315,"column":6},"end":{"line":315,"column":136}},"311":{"start":{"line":316,"column":6},"end":{"line":316,"column":136}},"312":{"start":{"line":317,"column":6},"end":{"line":317,"column":136}},"313":{"start":{"line":318,"column":6},"end":{"line":318,"column":136}},"314":{"start":{"line":319,"column":6},"end":{"line":319,"column":136}},"315":{"start":{"line":320,"column":6},"end":{"line":320,"column":136}},"316":{"start":{"line":321,"column":6},"end":{"line":321,"column":136}},"317":{"start":{"line":322,"column":6},"end":{"line":322,"column":136}},"318":{"start":{"line":323,"column":6},"end":{"line":323,"column":136}},"319":{"start":{"line":324,"column":6},"end":{"line":324,"column":136}},"320":{"start":{"line":325,"column":6},"end":{"line":325,"column":135}},"321":{"start":{"line":326,"column":6},"end":{"line":326,"column":136}},"322":{"start":{"line":327,"column":6},"end":{"line":327,"column":135}},"323":{"start":{"line":328,"column":6},"end":{"line":328,"column":136}},"324":{"start":{"line":329,"column":6},"end":{"line":329,"column":136}},"325":{"start":{"line":330,"column":6},"end":{"line":330,"column":136}},"326":{"start":{"line":331,"column":6},"end":{"line":331,"column":136}},"327":{"start":{"line":332,"column":6},"end":{"line":332,"column":136}},"328":{"start":{"line":333,"column":6},"end":{"line":333,"column":136}},"329":{"start":{"line":334,"column":6},"end":{"line":334,"column":136}},"330":{"start":{"line":335,"column":6},"end":{"line":335,"column":136}},"331":{"start":{"line":336,"column":6},"end":{"line":336,"column":136}},"332":{"start":{"line":337,"column":6},"end":{"line":337,"column":136}},"333":{"start":{"line":338,"column":6},"end":{"line":338,"column":136}},"334":{"start":{"line":339,"column":6},"end":{"line":339,"column":136}},"335":{"start":{"line":340,"column":6},"end":{"line":340,"column":134}},"336":{"start":{"line":341,"column":6},"end":{"line":341,"column":136}},"337":{"start":{"line":342,"column":6},"end":{"line":342,"column":135}},"338":{"start":{"line":343,"column":6},"end":{"line":343,"column":136}},"339":{"start":{"line":344,"column":6},"end":{"line":344,"column":136}},"340":{"start":{"line":345,"column":6},"end":{"line":345,"column":136}},"341":{"start":{"line":346,"column":6},"end":{"line":346,"column":136}},"342":{"start":{"line":347,"column":6},"end":{"line":347,"column":136}},"343":{"start":{"line":348,"column":6},"end":{"line":348,"column":136}},"344":{"start":{"line":349,"column":6},"end":{"line":349,"column":136}},"345":{"start":{"line":350,"column":6},"end":{"line":350,"column":136}},"346":{"start":{"line":351,"column":6},"end":{"line":351,"column":136}},"347":{"start":{"line":352,"column":6},"end":{"line":352,"column":136}},"348":{"start":{"line":353,"column":6},"end":{"line":353,"column":136}},"349":{"start":{"line":354,"column":6},"end":{"line":354,"column":136}},"350":{"start":{"line":355,"column":6},"end":{"line":355,"column":136}},"351":{"start":{"line":356,"column":6},"end":{"line":356,"column":136}},"352":{"start":{"line":357,"column":6},"end":{"line":357,"column":136}},"353":{"start":{"line":358,"column":6},"end":{"line":358,"column":136}},"354":{"start":{"line":359,"column":6},"end":{"line":359,"column":136}},"355":{"start":{"line":360,"column":6},"end":{"line":360,"column":136}},"356":{"start":{"line":361,"column":6},"end":{"line":361,"column":136}},"357":{"start":{"line":362,"column":6},"end":{"line":362,"column":136}},"358":{"start":{"line":363,"column":6},"end":{"line":363,"column":136}},"359":{"start":{"line":364,"column":6},"end":{"line":364,"column":136}},"360":{"start":{"line":365,"column":6},"end":{"line":365,"column":136}},"361":{"start":{"line":366,"column":6},"end":{"line":366,"column":136}},"362":{"start":{"line":367,"column":6},"end":{"line":367,"column":136}},"363":{"start":{"line":368,"column":6},"end":{"line":368,"column":136}},"364":{"start":{"line":369,"column":6},"end":{"line":369,"column":136}},"365":{"start":{"line":370,"column":6},"end":{"line":370,"column":136}},"366":{"start":{"line":371,"column":6},"end":{"line":371,"column":136}},"367":{"start":{"line":372,"column":6},"end":{"line":372,"column":136}},"368":{"start":{"line":373,"column":6},"end":{"line":373,"column":136}},"369":{"start":{"line":374,"column":6},"end":{"line":374,"column":136}},"370":{"start":{"line":375,"column":6},"end":{"line":375,"column":135}},"371":{"start":{"line":376,"column":6},"end":{"line":376,"column":136}},"372":{"start":{"line":377,"column":6},"end":{"line":377,"column":136}},"373":{"start":{"line":378,"column":6},"end":{"line":378,"column":136}},"374":{"start":{"line":379,"column":6},"end":{"line":379,"column":136}},"375":{"start":{"line":380,"column":6},"end":{"line":380,"column":136}}},"fnMap":{"0":{"name":"(anonymous_0)","decl":{"start":{"line":1,"column":15},"end":{"line":1,"column":16}},"loc":{"start":{"line":1,"column":30},"end":{"line":382,"column":1}},"line":1},"1":{"name":"(anonymous_1)","decl":{"start":{"line":5,"column":10},"end":{"line":5,"column":11}},"loc":{"start":{"line":5,"column":27},"end":{"line":381,"column":5}},"line":5}},"branchMap":{},"s":{"0":0,"1":0,"2":0,"3":0,"4":0,"5":0,"6":0,"7":0,"8":0,"9":0,"10":0,"11":0,"12":0,"13":0,"14":0,"15":0,"16":0,"17":0,"18":0,"19":0,"20":0,"21":0,"22":0,"23":0,"24":0,"25":0,"26":0,"27":0,"28":0,"29":0,"30":0,"31":0,"32":0,"33":0,"34":0,"35":0,"36":0,"37":0,"38":0,"39":0,"40":0,"41":0,"42":0,"43":0,"44":0,"45":0,"46":0,"47":0,"48":0,"49":0,"50":0,"51":0,"52":0,"53":0,"54":0,"55":0,"56":0,"57":0,"58":0,"59":0,"60":0,"61":0,"62":0,"63":0,"64":0,"65":0,"66":0,"67":0,"68":0,"69":0,"70":0,"71":0,"72":0,"73":0,"74":0,"75":0,"76":0,"77":0,"78":0,"79":0,"80":0,"81":0,"82":0,"83":0,"84":0,"85":0,"86":0,"87":0,"88":0,"89":0,"90":0,"91":0,"92":0,"93":0,"94":0,"95":0,"96":0,"97":0,"98":0,"99":0,"100":0,"101":0,"102":0,"103":0,"104":0,"105":0,"106":0,"107":0,"108":0,"109":0,"110":0,"111":0,"112":0,"113":0,"114":0,"115":0,"116":0,"117":0,"118":0,"119":0,"120":0,"121":0,"122":0,"123":0,"124":0,"125":0,"126":0,"127":0,"128":0,"129":0,"130":0,"131":0,"132":0,"133":0,"134":0,"135":0,"136":0,"137":0,"138":0,"139":0,"140":0,"141":0,"142":0,"143":0,"144":0,"145":0,"146":0,"147":0,"148":0,"149":0,"150":0,"151":0,"152":0,"153":0,"154":0,"155":0,"156":0,"157":0,"158":0,"159":0,"160":0,"161":0,"162":0,"163":0,"164":0,"165":0,"166":0,"167":0,"168":0,"169":0,"170":0,"171":0,"172":0,"173":0,"174":0,"175":0,"176":0,"177":0,"178":0,"179":0,"180":0,"181":0,"182":0,"183":0,"184":0,"185":0,"186":0,"187":0,"188":0,"189":0,"190":0,"191":0,"192":0,"193":0,"194":0,"195":0,"196":0,"197":0,"198":0,"199":0,"200":0,"201":0,"202":0,"203":0,"204":0,"205":0,"206":0,"207":0,"208":0,"209":0,"210":0,"211":0,"212":0,"213":0,"214":0,"215":0,"216":0,"217":0,"218":0,"219":0,"220":0,"221":0,"222":0,"223":0,"224":0,"225":0,"226":0,"227":0,"228":0,"229":0,"230":0,"231":0,"232":0,"233":0,"234":0,"235":0,"236":0,"237":0,"238":0,"239":0,"240":0,"241":0,"242":0,"243":0,"244":0,"245":0,"246":0,"247":0,"248":0,"249":0,"250":0,"251":0,"252":0,"253":0,"254":0,"255":0,"256":0,"257":0,"258":0,"259":0,"260":0,"261":0,"262":0,"263":0,"264":0,"265":0,"266":0,"267":0,"268":0,"269":0,"270":0,"271":0,"272":0,"273":0,"274":0,"275":0,"276":0,"277":0,"278":0,"279":0,"280":0,"281":0,"282":0,"283":0,"284":0,"285":0,"286":0,"287":0,"288":0,"289":0,"290":0,"291":0,"292":0,"293":0,"294":0,"295":0,"296":0,"297":0,"298":0,"299":0,"300":0,"301":0,"302":0,"303":0,"304":0,"305":0,"306":0,"307":0,"308":0,"309":0,"310":0,"311":0,"312":0,"313":0,"314":0,"315":0,"316":0,"317":0,"318":0,"319":0,"320":0,"321":0,"322":0,"323":0,"324":0,"325":0,"326":0,"327":0,"328":0,"329":0,"330":0,"331":0,"332":0,"333":0,"334":0,"335":0,"336":0,"337":0,"338":0,"339":0,"340":0,"341":0,"342":0,"343":0,"344":0,"345":0,"346":0,"347":0,"348":0,"349":0,"350":0,"351":0,"352":0,"353":0,"354":0,"355":0,"356":0,"357":0,"358":0,"359":0,"360":0,"361":0,"362":0,"363":0,"364":0,"365":0,"366":0,"367":0,"368":0,"369":0,"370":0,"371":0,"372":0,"373":0,"374":0,"375":0},"f":{"0":0,"1":0},"b":{}}
,"C:\\Users\\Lambda\\Documents\\dev\\lambda\\labs\\trashpanda-be\\src\\index.js": {"path":"C:\\Users\\Lambda\\Documents\\dev\\lambda\\labs\\trashpanda-be\\src\\index.js","statementMap":{"0":{"start":{"line":1,"column":0},"end":{"line":1,"column":27}},"1":{"start":{"line":2,"column":25},"end":{"line":2,"column":49}},"2":{"start":{"line":4,"column":17},"end":{"line":4,"column":47}},"3":{"start":{"line":5,"column":20},"end":{"line":5,"column":53}},"4":{"start":{"line":6,"column":17},"end":{"line":6,"column":36}},"5":{"start":{"line":7,"column":18},"end":{"line":7,"column":40}},"6":{"start":{"line":9,"column":15},"end":{"line":23,"column":2}},"7":{"start":{"line":12,"column":22},"end":{"line":15,"column":3}},"8":{"start":{"line":20,"column":4},"end":{"line":20,"column":27}},"9":{"start":{"line":21,"column":4},"end":{"line":21,"column":15}},"10":{"start":{"line":25,"column":0},"end":{"line":27,"column":3}},"11":{"start":{"line":26,"column":2},"end":{"line":26,"column":43}}},"fnMap":{"0":{"name":"(anonymous_0)","decl":{"start":{"line":12,"column":15},"end":{"line":12,"column":16}},"loc":{"start":{"line":12,"column":22},"end":{"line":15,"column":3}},"line":12},"1":{"name":"(anonymous_1)","decl":{"start":{"line":19,"column":15},"end":{"line":19,"column":16}},"loc":{"start":{"line":19,"column":22},"end":{"line":22,"column":3}},"line":19},"2":{"name":"(anonymous_2)","decl":{"start":{"line":25,"column":55},"end":{"line":25,"column":56}},"loc":{"start":{"line":25,"column":68},"end":{"line":27,"column":1}},"line":25}},"branchMap":{"0":{"loc":{"start":{"line":25,"column":22},"end":{"line":25,"column":46}},"type":"binary-expr","locations":[{"start":{"line":25,"column":22},"end":{"line":25,"column":38}},{"start":{"line":25,"column":42},"end":{"line":25,"column":46}}],"line":25}},"s":{"0":0,"1":0,"2":0,"3":0,"4":0,"5":0,"6":0,"7":0,"8":0,"9":0,"10":0,"11":0},"f":{"0":0,"1":0,"2":0},"b":{"0":[0,0]}}
,"C:\\Users\\Lambda\\Documents\\dev\\lambda\\labs\\trashpanda-be\\src\\resolvers.js": {"path":"C:\\Users\\Lambda\\Documents\\dev\\lambda\\labs\\trashpanda-be\\src\\resolvers.js","statementMap":{"0":{"start":{"line":1,"column":0},"end":{"line":25,"column":2}},"1":{"start":{"line":5,"column":6},"end":{"line":5,"column":44}},"2":{"start":{"line":6,"column":42},"end":{"line":6,"column":79}},"3":{"start":{"line":8,"column":6},"end":{"line":12,"column":8}},"4":{"start":{"line":14,"column":6},"end":{"line":14,"column":59}},"5":{"start":{"line":16,"column":6},"end":{"line":19,"column":8}},"6":{"start":{"line":21,"column":6},"end":{"line":21,"column":68}},"7":{"start":{"line":23,"column":6},"end":{"line":23,"column":53}}},"fnMap":{"0":{"name":"(anonymous_0)","decl":{"start":{"line":4,"column":15},"end":{"line":4,"column":16}},"loc":{"start":{"line":5,"column":6},"end":{"line":5,"column":44}},"line":5},"1":{"name":"(anonymous_1)","decl":{"start":{"line":6,"column":14},"end":{"line":6,"column":15}},"loc":{"start":{"line":6,"column":42},"end":{"line":6,"column":79}},"line":6},"2":{"name":"(anonymous_2)","decl":{"start":{"line":7,"column":15},"end":{"line":7,"column":16}},"loc":{"start":{"line":8,"column":6},"end":{"line":12,"column":8}},"line":8},"3":{"name":"(anonymous_3)","decl":{"start":{"line":13,"column":14},"end":{"line":13,"column":15}},"loc":{"start":{"line":14,"column":6},"end":{"line":14,"column":59}},"line":14},"4":{"name":"(anonymous_4)","decl":{"start":{"line":15,"column":17},"end":{"line":15,"column":18}},"loc":{"start":{"line":16,"column":6},"end":{"line":19,"column":8}},"line":16},"5":{"name":"(anonymous_5)","decl":{"start":{"line":20,"column":23},"end":{"line":20,"column":24}},"loc":{"start":{"line":21,"column":6},"end":{"line":21,"column":68}},"line":21},"6":{"name":"(anonymous_6)","decl":{"start":{"line":22,"column":12},"end":{"line":22,"column":13}},"loc":{"start":{"line":23,"column":6},"end":{"line":23,"column":53}},"line":23}},"branchMap":{},"s":{"0":1,"1":1,"2":1,"3":0,"4":0,"5":1,"6":1,"7":0},"f":{"0":1,"1":1,"2":0,"3":0,"4":1,"5":1,"6":0},"b":{},"_coverageSchema":"1a1c01bbd47fc00a2c39e90264f33305004495a9","hash":"864e026a1fc7c1a2065ee5ba7cca45762df072b7"}
,"C:\\Users\\Lambda\\Documents\\dev\\lambda\\labs\\trashpanda-be\\src\\schema.js": {"path":"C:\\Users\\Lambda\\Documents\\dev\\lambda\\labs\\trashpanda-be\\src\\schema.js","statementMap":{"0":{"start":{"line":1,"column":16},"end":{"line":1,"column":40}},"1":{"start":{"line":3,"column":17},"end":{"line":62,"column":1}},"2":{"start":{"line":64,"column":0},"end":{"line":64,"column":26}}},"fnMap":{},"branchMap":{},"s":{"0":1,"1":1,"2":1},"f":{},"b":{},"_coverageSchema":"1a1c01bbd47fc00a2c39e90264f33305004495a9","hash":"72493b658115b7fe3575f20276dceacc6ea5523b"}
,"C:\\Users\\Lambda\\Documents\\dev\\lambda\\labs\\trashpanda-be\\src\\datasources\\earth.js": {"path":"C:\\Users\\Lambda\\Documents\\dev\\lambda\\labs\\trashpanda-be\\src\\datasources\\earth.js","statementMap":{"0":{"start":{"line":1,"column":27},"end":{"line":1,"column":60}},"1":{"start":{"line":2,"column":18},"end":{"line":2,"column":66}},"2":{"start":{"line":3,"column":20},"end":{"line":3,"column":71}},"3":{"start":{"line":7,"column":4},"end":{"line":7,"column":12}},"4":{"start":{"line":8,"column":4},"end":{"line":8,"column":45}},"5":{"start":{"line":9,"column":4},"end":{"line":9,"column":60}},"6":{"start":{"line":13,"column":4},"end":{"line":22,"column":6}},"7":{"start":{"line":26,"column":4},"end":{"line":31,"column":6}},"8":{"start":{"line":35,"column":4},"end":{"line":39,"column":6}},"9":{"start":{"line":43,"column":4},"end":{"line":46,"column":6}},"10":{"start":{"line":50,"column":24},"end":{"line":50,"column":46}},"11":{"start":{"line":51,"column":21},"end":{"line":51,"column":74}},"12":{"start":{"line":52,"column":19},"end":{"line":52,"column":46}},"13":{"start":{"line":53,"column":4},"end":{"line":62,"column":5}},"14":{"start":{"line":54,"column":6},"end":{"line":59,"column":9}},"15":{"start":{"line":55,"column":27},"end":{"line":57,"column":12}},"16":{"start":{"line":56,"column":19},"end":{"line":56,"column":61}},"17":{"start":{"line":58,"column":8},"end":{"line":58,"column":58}},"18":{"start":{"line":61,"column":6},"end":{"line":61,"column":16}},"19":{"start":{"line":66,"column":21},"end":{"line":68,"column":5}},"20":{"start":{"line":69,"column":19},"end":{"line":69,"column":46}},"21":{"start":{"line":70,"column":4},"end":{"line":72,"column":11}},"22":{"start":{"line":71,"column":29},"end":{"line":71,"column":55}},"23":{"start":{"line":76,"column":4},"end":{"line":80,"column":5}},"24":{"start":{"line":77,"column":6},"end":{"line":77,"column":81}},"25":{"start":{"line":79,"column":6},"end":{"line":79,"column":54}},"26":{"start":{"line":85,"column":24},"end":{"line":85,"column":65}},"27":{"start":{"line":86,"column":22},"end":{"line":88,"column":5}},"28":{"start":{"line":89,"column":25},"end":{"line":89,"column":53}},"29":{"start":{"line":92,"column":24},"end":{"line":96,"column":10}},"30":{"start":{"line":94,"column":10},"end":{"line":94,"column":38}},"31":{"start":{"line":99,"column":4},"end":{"line":107,"column":6}},"32":{"start":{"line":101,"column":32},"end":{"line":103,"column":9}},"33":{"start":{"line":104,"column":30},"end":{"line":104,"column":57}},"34":{"start":{"line":105,"column":8},"end":{"line":105,"column":62}},"35":{"start":{"line":111,"column":21},"end":{"line":111,"column":49}},"36":{"start":{"line":112,"column":4},"end":{"line":112,"column":26}},"37":{"start":{"line":113,"column":21},"end":{"line":115,"column":8}},"38":{"start":{"line":114,"column":18},"end":{"line":114,"column":54}},"39":{"start":{"line":116,"column":4},"end":{"line":116,"column":20}},"40":{"start":{"line":122,"column":26},"end":{"line":122,"column":73}},"41":{"start":{"line":123,"column":4},"end":{"line":136,"column":5}},"42":{"start":{"line":125,"column":6},"end":{"line":125,"column":27}},"43":{"start":{"line":128,"column":23},"end":{"line":130,"column":7}},"44":{"start":{"line":131,"column":25},"end":{"line":131,"column":58}},"45":{"start":{"line":133,"column":30},"end":{"line":133,"column":64}},"46":{"start":{"line":134,"column":6},"end":{"line":134,"column":39}},"47":{"start":{"line":135,"column":6},"end":{"line":135,"column":29}},"48":{"start":{"line":140,"column":21},"end":{"line":140,"column":48}},"49":{"start":{"line":141,"column":19},"end":{"line":141,"column":79}},"50":{"start":{"line":141,"column":45},"end":{"line":141,"column":75}},"51":{"start":{"line":142,"column":26},"end":{"line":144,"column":5}},"52":{"start":{"line":143,"column":6},"end":{"line":143,"column":39}},"53":{"start":{"line":145,"column":4},"end":{"line":145,"column":25}},"54":{"start":{"line":149,"column":0},"end":{"line":149,"column":26}}},"fnMap":{"0":{"name":"(anonymous_0)","decl":{"start":{"line":6,"column":2},"end":{"line":6,"column":3}},"loc":{"start":{"line":6,"column":16},"end":{"line":10,"column":3}},"line":6},"1":{"name":"(anonymous_1)","decl":{"start":{"line":12,"column":2},"end":{"line":12,"column":3}},"loc":{"start":{"line":12,"column":37},"end":{"line":23,"column":3}},"line":12},"2":{"name":"(anonymous_2)","decl":{"start":{"line":25,"column":2},"end":{"line":25,"column":3}},"loc":{"start":{"line":25,"column":24},"end":{"line":32,"column":3}},"line":25},"3":{"name":"(anonymous_3)","decl":{"start":{"line":34,"column":2},"end":{"line":34,"column":3}},"loc":{"start":{"line":34,"column":32},"end":{"line":40,"column":3}},"line":34},"4":{"name":"(anonymous_4)","decl":{"start":{"line":42,"column":2},"end":{"line":42,"column":3}},"loc":{"start":{"line":42,"column":28},"end":{"line":47,"column":3}},"line":42},"5":{"name":"(anonymous_5)","decl":{"start":{"line":49,"column":2},"end":{"line":49,"column":3}},"loc":{"start":{"line":49,"column":26},"end":{"line":63,"column":3}},"line":49},"6":{"name":"(anonymous_6)","decl":{"start":{"line":54,"column":24},"end":{"line":54,"column":25}},"loc":{"start":{"line":54,"column":36},"end":{"line":59,"column":7}},"line":54},"7":{"name":"(anonymous_7)","decl":{"start":{"line":56,"column":10},"end":{"line":56,"column":11}},"loc":{"start":{"line":56,"column":19},"end":{"line":56,"column":61}},"line":56},"8":{"name":"(anonymous_8)","decl":{"start":{"line":65,"column":2},"end":{"line":65,"column":3}},"loc":{"start":{"line":65,"column":25},"end":{"line":73,"column":3}},"line":65},"9":{"name":"(anonymous_9)","decl":{"start":{"line":71,"column":19},"end":{"line":71,"column":20}},"loc":{"start":{"line":71,"column":29},"end":{"line":71,"column":55}},"line":71},"10":{"name":"(anonymous_10)","decl":{"start":{"line":75,"column":2},"end":{"line":75,"column":3}},"loc":{"start":{"line":75,"column":39},"end":{"line":81,"column":3}},"line":75},"11":{"name":"(anonymous_11)","decl":{"start":{"line":83,"column":2},"end":{"line":83,"column":3}},"loc":{"start":{"line":83,"column":62},"end":{"line":108,"column":3}},"line":83},"12":{"name":"(anonymous_12)","decl":{"start":{"line":93,"column":25},"end":{"line":93,"column":26}},"loc":{"start":{"line":93,"column":37},"end":{"line":95,"column":9}},"line":93},"13":{"name":"(anonymous_13)","decl":{"start":{"line":100,"column":22},"end":{"line":100,"column":23}},"loc":{"start":{"line":100,"column":34},"end":{"line":106,"column":7}},"line":100},"14":{"name":"(anonymous_14)","decl":{"start":{"line":110,"column":2},"end":{"line":110,"column":3}},"loc":{"start":{"line":110,"column":37},"end":{"line":117,"column":3}},"line":110},"15":{"name":"(anonymous_15)","decl":{"start":{"line":114,"column":6},"end":{"line":114,"column":7}},"loc":{"start":{"line":114,"column":18},"end":{"line":114,"column":54}},"line":114},"16":{"name":"(anonymous_16)","decl":{"start":{"line":120,"column":2},"end":{"line":120,"column":3}},"loc":{"start":{"line":120,"column":48},"end":{"line":137,"column":3}},"line":120},"17":{"name":"(anonymous_17)","decl":{"start":{"line":139,"column":2},"end":{"line":139,"column":3}},"loc":{"start":{"line":139,"column":46},"end":{"line":146,"column":3}},"line":139},"18":{"name":"(anonymous_18)","decl":{"start":{"line":141,"column":35},"end":{"line":141,"column":36}},"loc":{"start":{"line":141,"column":45},"end":{"line":141,"column":75}},"line":141},"19":{"name":"(anonymous_19)","decl":{"start":{"line":142,"column":50},"end":{"line":142,"column":51}},"loc":{"start":{"line":143,"column":6},"end":{"line":143,"column":39}},"line":143}},"branchMap":{"0":{"loc":{"start":{"line":19,"column":17},"end":{"line":19,"column":48}},"type":"binary-expr","locations":[{"start":{"line":19,"column":17},"end":{"line":19,"column":24}},{"start":{"line":19,"column":28},"end":{"line":19,"column":48}}],"line":19},"1":{"loc":{"start":{"line":20,"column":19},"end":{"line":20,"column":52}},"type":"binary-expr","locations":[{"start":{"line":20,"column":19},"end":{"line":20,"column":26}},{"start":{"line":20,"column":30},"end":{"line":20,"column":52}}],"line":20},"2":{"loc":{"start":{"line":21,"column":19},"end":{"line":21,"column":52}},"type":"binary-expr","locations":[{"start":{"line":21,"column":19},"end":{"line":21,"column":26}},{"start":{"line":21,"column":30},"end":{"line":21,"column":52}}],"line":21},"3":{"loc":{"start":{"line":53,"column":4},"end":{"line":62,"column":5}},"type":"if","locations":[{"start":{"line":53,"column":4},"end":{"line":62,"column":5}},{"start":{"line":53,"column":4},"end":{"line":62,"column":5}}],"line":53},"4":{"loc":{"start":{"line":70,"column":11},"end":{"line":72,"column":10}},"type":"cond-expr","locations":[{"start":{"line":71,"column":8},"end":{"line":71,"column":56}},{"start":{"line":72,"column":8},"end":{"line":72,"column":10}}],"line":70},"5":{"loc":{"start":{"line":76,"column":4},"end":{"line":80,"column":5}},"type":"if","locations":[{"start":{"line":76,"column":4},"end":{"line":80,"column":5}},{"start":{"line":76,"column":4},"end":{"line":80,"column":5}}],"line":76},"6":{"loc":{"start":{"line":92,"column":24},"end":{"line":96,"column":10}},"type":"cond-expr","locations":[{"start":{"line":93,"column":8},"end":{"line":95,"column":10}},{"start":{"line":96,"column":8},"end":{"line":96,"column":10}}],"line":92},"7":{"loc":{"start":{"line":123,"column":4},"end":{"line":136,"column":5}},"type":"if","locations":[{"start":{"line":123,"column":4},"end":{"line":136,"column":5}},{"start":{"line":123,"column":4},"end":{"line":136,"column":5}}],"line":123}},"s":{"0":1,"1":1,"2":1,"3":1,"4":1,"5":1,"6":2,"7":3,"8":2,"9":2,"10":1,"11":1,"12":1,"13":1,"14":1,"15":1,"16":1,"17":1,"18":0,"19":1,"20":1,"21":1,"22":2,"23":1,"24":1,"25":0,"26":1,"27":1,"28":1,"29":1,"30":1,"31":1,"32":1,"33":1,"34":1,"35":0,"36":0,"37":0,"38":0,"39":0,"40":2,"41":2,"42":1,"43":1,"44":1,"45":1,"46":1,"47":1,"48":1,"49":1,"50":2,"51":1,"52":3,"53":1,"54":1},"f":{"0":1,"1":2,"2":3,"3":2,"4":2,"5":1,"6":1,"7":1,"8":1,"9":2,"10":1,"11":1,"12":1,"13":1,"14":0,"15":0,"16":2,"17":1,"18":2,"19":3},"b":{"0":[2,2],"1":[2,2],"2":[2,2],"3":[1,0],"4":[1,0],"5":[1,0],"6":[1,0],"7":[1,1]},"_coverageSchema":"1a1c01bbd47fc00a2c39e90264f33305004495a9","hash":"8c0dc65e1a4124fa94fd0a77097aa5baf7d1bb50"}
,"C:\\Users\\Lambda\\Documents\\dev\\lambda\\labs\\trashpanda-be\\src\\datasources\\mapquest.js": {"path":"C:\\Users\\Lambda\\Documents\\dev\\lambda\\labs\\trashpanda-be\\src\\datasources\\mapquest.js","statementMap":{"0":{"start":{"line":1,"column":27},"end":{"line":1,"column":60}},"1":{"start":{"line":5,"column":4},"end":{"line":5,"column":12}},"2":{"start":{"line":6,"column":4},"end":{"line":6,"column":62}},"3":{"start":{"line":11,"column":4},"end":{"line":15,"column":6}},"4":{"start":{"line":19,"column":17},"end":{"line":21,"column":5}},"5":{"start":{"line":23,"column":4},"end":{"line":23,"column":64}},"6":{"start":{"line":27,"column":0},"end":{"line":27,"column":29}}},"fnMap":{"0":{"name":"(anonymous_0)","decl":{"start":{"line":4,"column":2},"end":{"line":4,"column":3}},"loc":{"start":{"line":4,"column":16},"end":{"line":7,"column":3}},"line":4},"1":{"name":"(anonymous_1)","decl":{"start":{"line":9,"column":2},"end":{"line":9,"column":3}},"loc":{"start":{"line":9,"column":32},"end":{"line":16,"column":3}},"line":9},"2":{"name":"(anonymous_2)","decl":{"start":{"line":18,"column":2},"end":{"line":18,"column":3}},"loc":{"start":{"line":18,"column":26},"end":{"line":24,"column":3}},"line":18}},"branchMap":{},"s":{"0":1,"1":1,"2":1,"3":2,"4":1,"5":1,"6":1},"f":{"0":1,"1":2,"2":1},"b":{},"_coverageSchema":"1a1c01bbd47fc00a2c39e90264f33305004495a9","hash":"f5bd7b7bbfba3b0fc0a8ac282e392ed6ac3fd161"}
}
